The system is: Windows - 10.0.19042 - AMD64
Compiling the C compiler identification source file "CMakeCCompilerId.c" succeeded.
Compiler: C:/Program Files (x86)/Microsoft Visual Studio/2019/Community/VC/Tools/MSVC/14.28.29333/bin/Hostx86/x86/cl.exe 
Build flags: 
Id flags:  

The output was:
0
用于 x86 的 Microsoft (R) C/C++ 优化编译器 19.28.29336 版
版权所有(C) Microsoft Corporation。保留所有权利。

CMakeCCompilerId.c
Microsoft (R) Incremental Linker Version 14.28.29336.0
Copyright (C) Microsoft Corporation.  All rights reserved.

/out:CMakeCCompilerId.exe 
CMakeCCompilerId.obj 


Compilation of the C compiler identification source "CMakeCCompilerId.c" produced "CMakeCCompilerId.exe"

Compilation of the C compiler identification source "CMakeCCompilerId.c" produced "CMakeCCompilerId.obj"

The C compiler identification is MSVC, found in "C:/Users/nasihs/CLionProjects/MCTS/cmake-build-debug/CMakeFiles/3.17.5/CompilerIdC/CMakeCCompilerId.exe"

Determining if the C compiler works passed with the following output:
Change Dir: C:/Users/nasihs/CLionProjects/MCTS/cmake-build-debug/CMakeFiles/CMakeTmp

Run Build Command(s):nmake /nologo cmTC_8810a\fast && 	"C:\Program Files (x86)\Microsoft Visual Studio\2019\Community\VC\Tools\MSVC\14.28.29333\bin\HostX86\x86\nmake.exe"  -f CMakeFiles\cmTC_8810a.dir\build.make /nologo -L                  CMakeFiles\cmTC_8810a.dir\build
Building C object CMakeFiles/cmTC_8810a.dir/testCCompiler.c.obj
	C:\PROGRA~2\MICROS~3\2019\COMMUN~1\VC\Tools\MSVC\1428~1.293\bin\Hostx86\x86\cl.exe @C:\Users\nasihs\AppData\Local\Temp\nm3B8A.tmp
testCCompiler.c
Linking C executable cmTC_8810a.exe
	"C:\Program Files\JetBrains\CLion 2020.3.3\bin\cmake\win\bin\cmake.exe" -E vs_link_exe --intdir=CMakeFiles\cmTC_8810a.dir --rc=C:\PROGRA~2\WI3CF2~1\10\bin\100183~1.0\x86\rc.exe --mt=C:\PROGRA~2\WI3CF2~1\10\bin\100183~1.0\x86\mt.exe --manifests  -- C:\PROGRA~2\MICROS~3\2019\COMMUN~1\VC\Tools\MSVC\1428~1.293\bin\Hostx86\x86\link.exe /nologo @CMakeFiles\cmTC_8810a.dir\objects1.rsp @C:\Users\nasihs\AppData\Local\Temp\nm3CD3.tmp



Detecting C compiler ABI info compiled with the following output:
Change Dir: C:/Users/nasihs/CLionProjects/MCTS/cmake-build-debug/CMakeFiles/CMakeTmp

Run Build Command(s):nmake /nologo cmTC_c18b6\fast && 	"C:\Program Files (x86)\Microsoft Visual Studio\2019\Community\VC\Tools\MSVC\14.28.29333\bin\HostX86\x86\nmake.exe"  -f CMakeFiles\cmTC_c18b6.dir\build.make /nologo -L                  CMakeFiles\cmTC_c18b6.dir\build
Building C object CMakeFiles/cmTC_c18b6.dir/CMakeCCompilerABI.c.obj
	C:\PROGRA~2\MICROS~3\2019\COMMUN~1\VC\Tools\MSVC\1428~1.293\bin\Hostx86\x86\cl.exe @C:\Users\nasihs\AppData\Local\Temp\nm3EE5.tmp
CMakeCCompilerABI.c
Linking C executable cmTC_c18b6.exe
	"C:\Program Files\JetBrains\CLion 2020.3.3\bin\cmake\win\bin\cmake.exe" -E vs_link_exe --intdir=CMakeFiles\cmTC_c18b6.dir --rc=C:\PROGRA~2\WI3CF2~1\10\bin\100183~1.0\x86\rc.exe --mt=C:\PROGRA~2\WI3CF2~1\10\bin\100183~1.0\x86\mt.exe --manifests  -- C:\PROGRA~2\MICROS~3\2019\COMMUN~1\VC\Tools\MSVC\1428~1.293\bin\Hostx86\x86\link.exe /nologo @CMakeFiles\cmTC_c18b6.dir\objects1.rsp @C:\Users\nasihs\AppData\Local\Temp\nm3F24.tmp



